<?xml version="1.0" encoding="UTF-8"?>
<testng-results ignored="0" total="1" passed="1" failed="0" skipped="0">
  <reporter-output>
  </reporter-output>
  <suite started-at="2023-01-01T23:15:12 IST" name="Test Suite" finished-at="2023-01-01T23:15:12 IST" duration-ms="31">
    <groups>
    </groups>
    <test started-at="2023-01-01T23:15:12 IST" name="Test Cases" finished-at="2023-01-01T23:15:12 IST" duration-ms="31">
      <class name="testNG.ListenersExecute">
        <test-method signature="firstTestCase()[pri:0, instance:testNG.ListenersExecute@5fa07e12]" started-at="2023-01-01T23:15:12 IST" name="firstTestCase" finished-at="2023-01-01T23:15:12 IST" duration-ms="5" status="PASS">
          <reporter-output>
          </reporter-output>
        </test-method> <!-- firstTestCase -->
      </class> <!-- testNG.ListenersExecute -->
    </test> <!-- Test Cases -->
  </suite> <!-- Test Suite -->
</testng-results>
